2025-10-30 10:52:10,349 - INFO - Loaded geofence: piiratud_test
2025-10-30 10:52:10,355 - INFO - Database ready: /home/runner/work/keri-ais-monitor/keri-ais-monitor/ais_trails.db
2025-10-30 10:52:10,356 - INFO - --- Starting check ---
2025-10-30 10:52:10,356 - INFO - Fetching vessel metadata...
2025-10-30 10:52:11,391 - INFO - Loaded metadata for 17628 vessels
2025-10-30 10:52:11,394 - INFO - Fetching AIS data...
2025-10-30 10:52:12,159 - INFO - Found 638 vessels in Gulf of Finland
2025-10-30 10:52:12,174 - WARNING - BREACH: M 40 (MMSI 276002240) in restricted area
2025-10-30 10:52:12,189 - INFO - Exported GeoJSON to out (trails: 0)
2025-10-30 10:52:20,404 - ERROR - Email error: (535, b'5.7.139 Authentication unsuccessful, the request did not meet the criteria to be authenticated successfully. Contact your administrator. [DS7PR03CA0051.namprd03.prod.outlook.com 2025-10-30T10:52:20.402Z 08DE16F0C21B3203]')
2025-10-30 11:12:05,572 - INFO - Loaded geofence: piiratud_test
2025-10-30 11:12:05,573 - INFO - Database ready: /home/runner/work/keri-ais-monitor/keri-ais-monitor/ais_trails.db
2025-10-30 11:12:05,573 - INFO - --- Starting check ---
2025-10-30 11:12:05,573 - INFO - Fetching vessel metadata...
2025-10-30 11:12:06,824 - INFO - Loaded metadata for 17628 vessels
2025-10-30 11:12:06,827 - INFO - Fetching AIS data...
2025-10-30 11:12:07,832 - INFO - Found 637 vessels in Gulf of Finland
2025-10-30 11:12:07,848 - WARNING - BREACH: M 40 (MMSI 276002240) in restricted area
2025-10-30 11:12:07,883 - INFO - Exported GeoJSON to out (trails: 637)
2025-10-30 11:12:15,955 - ERROR - Email error: (535, b'5.7.139 Authentication unsuccessful, the request did not meet the criteria to be authenticated successfully. Contact your administrator. [DS7P220CA0064.NAMP220.PROD.OUTLOOK.COM 2025-10-30T11:12:11.509Z 08DE1791DD19BBF6]')
2025-10-30 11:29:08,151 - INFO - Loaded geofence: piiratud_test
2025-10-30 11:29:08,152 - INFO - Database ready: /home/runner/work/keri-ais-monitor/keri-ais-monitor/ais_trails.db
2025-10-30 11:29:08,152 - INFO - --- Starting check ---
2025-10-30 11:29:08,152 - INFO - Fetching vessel metadata...
2025-10-30 11:29:08,989 - INFO - Loaded metadata for 17628 vessels
2025-10-30 11:29:08,991 - INFO - Fetching AIS data...
2025-10-30 11:29:09,904 - INFO - Found 639 vessels in Gulf of Finland
2025-10-30 11:29:09,921 - WARNING - BREACH: M 40 (MMSI 276002240) in restricted area
2025-10-30 11:29:09,959 - INFO - Exported GeoJSON to out (trails: 637)
2025-10-30 11:29:17,761 - ERROR - Email error: (535, b'5.7.139 Authentication unsuccessful, the request did not meet the criteria to be authenticated successfully. Contact your administrator. [CH2PR16CA0010.namprd16.prod.outlook.com 2025-10-30T11:29:17.760Z 08DE16EB26F68CDF]')
2025-10-30 11:42:27,286 - INFO - Loaded geofence: piiratud_test
2025-10-30 11:42:27,286 - INFO - Database ready: /home/runner/work/keri-ais-monitor/keri-ais-monitor/ais_trails.db
2025-10-30 11:42:27,286 - INFO - --- Starting check ---
2025-10-30 11:42:27,286 - INFO - Fetching vessel metadata...
2025-10-30 11:42:28,718 - INFO - Loaded metadata for 17628 vessels
2025-10-30 11:42:28,720 - INFO - Fetching AIS data...
2025-10-30 11:42:29,486 - INFO - Found 641 vessels in Gulf of Finland
2025-10-30 11:42:29,509 - WARNING - BREACH: M 40 (MMSI 276002240) in restricted area
2025-10-30 11:42:29,552 - INFO - Exported GeoJSON to out (trails: 640)
2025-10-30 11:42:37,058 - ERROR - Email error: (535, b'5.7.139 Authentication unsuccessful, the request did not meet the criteria to be authenticated successfully. Contact your administrator. [CH0PR03CA0334.namprd03.prod.outlook.com 2025-10-30T11:42:28.856Z 08DE16B726ED6170]')
2025-10-30 11:53:51,515 - INFO - Loaded geofence: piiratud_test
2025-10-30 11:53:51,516 - INFO - Database ready: /home/runner/work/keri-ais-monitor/keri-ais-monitor/ais_trails.db
2025-10-30 11:53:51,516 - INFO - --- Starting check ---
2025-10-30 11:53:51,516 - INFO - Fetching vessel metadata...
2025-10-30 11:53:52,293 - INFO - Loaded metadata for 17628 vessels
2025-10-30 11:53:52,296 - INFO - Fetching AIS data...
2025-10-30 11:53:53,041 - INFO - Found 642 vessels in Gulf of Finland
2025-10-30 11:53:53,056 - WARNING - BREACH: M 40 (MMSI 276002240) in restricted area
2025-10-30 11:53:53,097 - INFO - Exported GeoJSON to out (trails: 643)
2025-10-30 11:54:00,914 - ERROR - Email error: (535, b'5.7.139 Authentication unsuccessful, the request did not meet the criteria to be authenticated successfully. Contact your administrator. [MN2PR10CA0019.namprd10.prod.outlook.com 2025-10-30T11:54:01.465Z 08DE167EE6AA94CB]')
2025-10-30 12:38:27,340 - INFO - Loaded geofence: piiratud_test
2025-10-30 12:38:27,341 - INFO - Database ready: /home/runner/work/keri-ais-monitor/keri-ais-monitor/ais_trails.db
2025-10-30 12:38:27,341 - INFO - --- Starting check ---
2025-10-30 12:38:27,341 - INFO - Fetching vessel metadata...
2025-10-30 12:38:28,552 - INFO - Loaded metadata for 17628 vessels
2025-10-30 12:38:28,555 - INFO - Fetching AIS data...
2025-10-30 12:38:29,363 - INFO - Found 8 vessels in Gulf of Finland
2025-10-30 12:38:29,403 - INFO - Exported GeoJSON to out (trails: 643)
2025-10-30 12:38:29,404 - INFO - No breaches detected
2025-10-30 13:20:23,782 - INFO - Loaded geofence: piiratud_test
2025-10-30 13:20:23,782 - INFO - Database ready: /home/runner/work/keri-ais-monitor/keri-ais-monitor/ais_trails.db
2025-10-30 13:20:23,782 - INFO - --- Starting check ---
2025-10-30 13:20:23,782 - INFO - Fetching vessel metadata...
2025-10-30 13:20:24,943 - INFO - Loaded metadata for 17628 vessels
2025-10-30 13:20:24,946 - INFO - Fetching AIS data...
2025-10-30 13:20:25,505 - INFO - Found 203 vessels in Gulf of Finland
2025-10-30 13:20:25,557 - INFO - Exported GeoJSON to out (trails: 644)
2025-10-30 13:20:25,558 - INFO - No breaches detected
2025-10-30 13:45:36,353 - INFO - Loaded geofence: piiratud_test
2025-10-30 13:45:36,354 - INFO - Database ready: /home/runner/work/keri-ais-monitor/keri-ais-monitor/ais_trails.db
2025-10-30 13:45:36,355 - INFO - --- Starting check ---
2025-10-30 13:45:36,355 - INFO - Fetching vessel metadata...
2025-10-30 13:45:37,562 - INFO - Loaded metadata for 17628 vessels
2025-10-30 13:45:37,565 - INFO - Fetching AIS data...
2025-10-30 13:45:38,063 - INFO - Found 204 vessels in Gulf of Finland
2025-10-30 13:45:38,110 - INFO - Exported GeoJSON to out (trails: 646)
2025-10-30 13:45:38,111 - INFO - No breaches detected
2025-10-30 13:56:43,587 - INFO - Loaded geofence: piiratud_test
2025-10-30 13:56:43,587 - INFO - Database ready: /home/runner/work/keri-ais-monitor/keri-ais-monitor/ais_trails.db
2025-10-30 13:56:43,588 - INFO - --- Starting check ---
2025-10-30 13:56:43,588 - INFO - Fetching vessel metadata...
2025-10-30 13:56:44,403 - INFO - Loaded metadata for 17628 vessels
2025-10-30 13:56:44,406 - INFO - Fetching AIS data...
2025-10-30 13:56:45,065 - INFO - Found 203 vessels in Gulf of Finland
2025-10-30 13:56:45,080 - INFO - Saved positions, cleaned 638 old records
2025-10-30 13:56:45,117 - INFO - Exported GeoJSON to out (trails: 647)
2025-10-30 13:56:45,118 - INFO - No breaches detected
2025-10-30 14:13:52,058 - INFO - Loaded geofence: piiratud_test
2025-10-30 14:13:52,059 - INFO - Database ready: /home/runner/work/keri-ais-monitor/keri-ais-monitor/ais_trails.db
2025-10-30 14:13:52,059 - INFO - --- Starting check ---
2025-10-30 14:13:52,059 - INFO - Fetching vessel metadata...
2025-10-30 14:13:53,135 - INFO - Loaded metadata for 17628 vessels
2025-10-30 14:13:53,137 - INFO - Fetching AIS data...
2025-10-30 14:13:53,295 - INFO - Found 203 vessels in Gulf of Finland
2025-10-30 14:13:53,310 - INFO - Saved positions, cleaned 637 old records
2025-10-30 14:13:53,312 - WARNING - BREACH: TORNEDALEN (MMSI 255620000) in restricted area
2025-10-30 14:13:53,343 - INFO - Exported GeoJSON to out (trails: 646)
2025-10-30 14:14:00,900 - ERROR - Email error: (535, b'5.7.139 Authentication unsuccessful, the user credentials were incorrect. [CH0PR03CA0424.namprd03.prod.outlook.com 2025-10-30T14:13:56.834Z 08DE17486763E900]')
2025-10-30 14:26:56,653 - INFO - Loaded geofence: piiratud_test
2025-10-30 14:26:56,653 - INFO - Database ready: /home/runner/work/keri-ais-monitor/keri-ais-monitor/ais_trails.db
2025-10-30 14:26:56,654 - INFO - --- Starting check ---
2025-10-30 14:26:56,654 - INFO - Fetching vessel metadata...
2025-10-30 14:26:57,763 - INFO - Loaded metadata for 17628 vessels
2025-10-30 14:26:57,765 - INFO - Fetching AIS data...
2025-10-30 14:26:58,744 - INFO - Found 205 vessels in Gulf of Finland
2025-10-30 14:26:58,758 - WARNING - BREACH: TORNEDALEN (MMSI 255620000) in restricted area
2025-10-30 14:26:58,788 - INFO - Exported GeoJSON to out (trails: 646)
2025-10-30 14:27:07,594 - ERROR - Email error: (535, b'5.7.139 Authentication unsuccessful, the user credentials were incorrect. [SJ2PR07CA0002.namprd07.prod.outlook.com 2025-10-30T14:27:05.962Z 08DE17A0FA30B3DC]')
2025-10-30 14:47:03,673 - INFO - Loaded geofence: piiratud_test
2025-10-30 14:47:03,674 - INFO - Database ready: /home/runner/work/keri-ais-monitor/keri-ais-monitor/ais_trails.db
2025-10-30 14:47:03,674 - INFO - --- Starting check ---
2025-10-30 14:47:03,674 - INFO - Fetching vessel metadata...
2025-10-30 14:47:05,097 - INFO - Loaded metadata for 17629 vessels
2025-10-30 14:47:05,100 - INFO - Fetching AIS data...
2025-10-30 14:47:06,075 - INFO - Found 206 vessels in Gulf of Finland
2025-10-30 14:47:06,090 - INFO - Saved positions, cleaned 1280 old records
2025-10-30 14:47:06,092 - WARNING - BREACH: TORNEDALEN (MMSI 255620000) in restricted area
2025-10-30 14:47:06,107 - INFO - Exported GeoJSON to out (trails: 216)
2025-10-30 14:47:14,757 - ERROR - Email error: (535, b'5.7.139 Authentication unsuccessful, the user credentials were incorrect. [SJ0PR03CA0060.namprd03.prod.outlook.com 2025-10-30T14:47:05.828Z 08DE1694461D598A]')
2025-10-30 14:58:18,169 - INFO - Loaded geofence: piiratud_test
2025-10-30 14:58:18,170 - INFO - Database ready: /home/runner/work/keri-ais-monitor/keri-ais-monitor/ais_trails.db
2025-10-30 14:58:18,170 - INFO - --- Starting check ---
2025-10-30 14:58:18,170 - INFO - Fetching vessel metadata...
2025-10-30 14:58:19,447 - INFO - Loaded metadata for 17629 vessels
2025-10-30 14:58:19,449 - INFO - Fetching AIS data...
2025-10-30 14:58:20,000 - INFO - Found 208 vessels in Gulf of Finland
2025-10-30 14:58:20,017 - INFO - Saved positions, cleaned 642 old records
2025-10-30 14:58:20,019 - WARNING - BREACH: CONTSHIPS STELLAR (MMSI 210195000) in restricted area
2025-10-30 14:58:20,020 - WARNING - BREACH: TORNEDALEN (MMSI 255620000) in restricted area
2025-10-30 14:58:20,021 - WARNING - BREACH: FINBO CARGO (MMSI 230685000) in restricted area
2025-10-30 14:58:20,036 - INFO - Exported GeoJSON to out (trails: 211)
2025-10-30 14:58:29,546 - ERROR - Email error: (535, b'5.7.139 Authentication unsuccessful, the user credentials were incorrect. [SJ0PR03CA0146.namprd03.prod.outlook.com 2025-10-30T14:58:29.551Z 08DE16AB848E329C]')
2025-10-30 14:58:37,684 - ERROR - Email error: (535, b'5.7.139 Authentication unsuccessful, the user credentials were incorrect. [SJ0PR13CA0085.namprd13.prod.outlook.com 2025-10-30T14:58:35.806Z 08DE16AD1320FA7C]')
2025-10-30 14:58:48,205 - ERROR - Email error: (535, b'5.7.139 Authentication unsuccessful, the user credentials were incorrect. [BY1P220CA0022.NAMP220.PROD.OUTLOOK.COM 2025-10-30T14:58:53.141Z 08DE17973DA74857]')
2025-10-30 15:31:12,538 - INFO - Loaded geofence: piiratud_test
2025-10-30 15:31:12,539 - INFO - Database ready: /home/runner/work/keri-ais-monitor/keri-ais-monitor/ais_trails.db
2025-10-30 15:31:12,539 - INFO - --- Starting check ---
2025-10-30 15:31:12,539 - INFO - Fetching vessel metadata...
2025-10-30 15:31:13,516 - INFO - Loaded metadata for 17629 vessels
2025-10-30 15:31:13,519 - INFO - Fetching AIS data...
2025-10-30 15:31:14,286 - INFO - Found 207 vessels in Gulf of Finland
2025-10-30 15:31:14,319 - INFO - Exported GeoJSON to out (trails: 213)
2025-10-30 15:31:14,320 - INFO - No breaches detected
2025-10-30 15:47:58,705 - INFO - Loaded geofence: piiratud_test
2025-10-30 15:47:58,706 - INFO - Database ready: /home/runner/work/keri-ais-monitor/keri-ais-monitor/ais_trails.db
2025-10-30 15:47:58,706 - INFO - --- Starting check ---
2025-10-30 15:47:58,706 - INFO - Fetching vessel metadata...
2025-10-30 15:47:59,853 - INFO - Loaded metadata for 17629 vessels
2025-10-30 15:47:59,856 - INFO - Fetching AIS data...
2025-10-30 15:48:01,095 - INFO - Found 204 vessels in Gulf of Finland
2025-10-30 15:48:01,106 - INFO - Saved positions, cleaned 8 old records
2025-10-30 15:48:01,127 - INFO - Exported GeoJSON to out (trails: 213)
2025-10-30 15:48:01,127 - INFO - No breaches detected
2025-10-30 15:59:38,211 - INFO - Loaded geofence: piiratud_test
2025-10-30 15:59:38,212 - INFO - Database ready: /home/runner/work/keri-ais-monitor/keri-ais-monitor/ais_trails.db
2025-10-30 15:59:38,212 - INFO - --- Starting check ---
2025-10-30 15:59:38,212 - INFO - Fetching vessel metadata...
2025-10-30 15:59:38,976 - INFO - Loaded metadata for 17629 vessels
2025-10-30 15:59:38,979 - INFO - Fetching AIS data...
2025-10-30 15:59:39,627 - INFO - Found 203 vessels in Gulf of Finland
2025-10-30 15:59:39,660 - INFO - Exported GeoJSON to out (trails: 214)
2025-10-30 15:59:39,660 - INFO - No breaches detected
2025-10-30 16:36:13,191 - INFO - Loaded geofence: piiratud_test
2025-10-30 16:36:13,191 - INFO - Database ready: /home/runner/work/keri-ais-monitor/keri-ais-monitor/ais_trails.db
2025-10-30 16:36:13,191 - INFO - --- Starting check ---
2025-10-30 16:36:13,191 - INFO - Fetching vessel metadata...
2025-10-30 16:36:14,540 - INFO - Loaded metadata for 17629 vessels
2025-10-30 16:36:14,542 - INFO - Fetching AIS data...
2025-10-30 16:36:15,263 - INFO - Found 200 vessels in Gulf of Finland
2025-10-30 16:36:15,277 - INFO - Saved positions, cleaned 203 old records
2025-10-30 16:36:15,296 - INFO - Exported GeoJSON to out (trails: 214)
2025-10-30 16:36:15,297 - INFO - No breaches detected
2025-10-30 16:54:39,776 - INFO - Loaded geofence: piiratud_test
2025-10-30 16:54:39,777 - INFO - Database ready: /home/runner/work/keri-ais-monitor/keri-ais-monitor/ais_trails.db
2025-10-30 16:54:39,777 - INFO - --- Starting check ---
2025-10-30 16:54:39,777 - INFO - Fetching vessel metadata...
2025-10-30 16:54:40,877 - INFO - Loaded metadata for 17629 vessels
2025-10-30 16:54:40,879 - INFO - Fetching AIS data...
2025-10-30 16:54:41,525 - INFO - Found 199 vessels in Gulf of Finland
2025-10-30 16:54:41,540 - INFO - Saved positions, cleaned 204 old records
2025-10-30 16:54:41,541 - WARNING - BREACH: WRANGO (MMSI 276810000) in restricted area
2025-10-30 16:54:41,560 - INFO - Exported GeoJSON to out (trails: 217)
2025-10-30 16:54:49,005 - ERROR - Email error: (535, b'5.7.139 Authentication unsuccessful, the user credentials were incorrect. [BN9PR03CA0553.namprd03.prod.outlook.com 2025-10-30T16:54:48.992Z 08DE16E49C6A0573]')
2025-10-30 17:18:25,205 - INFO - Loaded geofence: piiratud_test
2025-10-30 17:18:25,205 - INFO - Database ready: /home/runner/work/keri-ais-monitor/keri-ais-monitor/ais_trails.db
2025-10-30 17:18:25,205 - INFO - --- Starting check ---
2025-10-30 17:18:25,205 - INFO - Fetching vessel metadata...
2025-10-30 17:18:26,649 - INFO - Loaded metadata for 17629 vessels
2025-10-30 17:18:26,652 - INFO - Fetching AIS data...
2025-10-30 17:18:27,629 - INFO - Found 200 vessels in Gulf of Finland
2025-10-30 17:18:27,646 - INFO - Saved positions, cleaned 406 old records
2025-10-30 17:18:27,649 - WARNING - BREACH: WRANGO (MMSI 276810000) in restricted area
2025-10-30 17:18:27,668 - INFO - Exported GeoJSON to out (trails: 215)
2025-10-30 17:18:36,356 - ERROR - Email error: (535, b'5.7.139 Authentication unsuccessful, the user credentials were incorrect. [SJ0PR03CA0067.namprd03.prod.outlook.com 2025-10-30T17:18:16.996Z 08DE15CB2E7C1196]')
2025-10-30 17:38:06,575 - INFO - Loaded geofence: piiratud_test
2025-10-30 17:38:06,576 - INFO - Database ready: /home/runner/work/keri-ais-monitor/keri-ais-monitor/ais_trails.db
2025-10-30 17:38:06,576 - INFO - --- Starting check ---
2025-10-30 17:38:06,576 - INFO - Fetching vessel metadata...
2025-10-30 17:38:07,354 - INFO - Loaded metadata for 17629 vessels
2025-10-30 17:38:07,357 - INFO - Fetching AIS data...
2025-10-30 17:38:08,089 - INFO - Found 196 vessels in Gulf of Finland
2025-10-30 17:38:08,104 - INFO - Saved positions, cleaned 205 old records
2025-10-30 17:38:08,105 - WARNING - BREACH: WRANGO (MMSI 276810000) in restricted area
2025-10-30 17:38:08,123 - INFO - Exported GeoJSON to out (trails: 215)
2025-10-30 17:38:15,170 - ERROR - Email error: (535, b'5.7.139 Authentication unsuccessful, the user credentials were incorrect. [BN9PR03CA0573.namprd03.prod.outlook.com 2025-10-30T17:38:05.354Z 08DE178CF947A55C]')
2025-10-30 17:49:49,558 - INFO - Loaded geofence: piiratud_test
2025-10-30 17:49:49,559 - INFO - Database ready: /home/runner/work/keri-ais-monitor/keri-ais-monitor/ais_trails.db
2025-10-30 17:49:49,559 - INFO - --- Starting check ---
2025-10-30 17:49:49,559 - INFO - Fetching vessel metadata...
2025-10-30 17:49:50,790 - INFO - Loaded metadata for 17629 vessels
2025-10-30 17:49:50,793 - INFO - Fetching AIS data...
2025-10-30 17:49:51,760 - INFO - Found 196 vessels in Gulf of Finland
2025-10-30 17:49:51,776 - INFO - Saved positions, cleaned 206 old records
2025-10-30 17:49:51,777 - WARNING - BREACH: WRANGO (MMSI 276810000) in restricted area
2025-10-30 17:49:51,795 - INFO - Exported GeoJSON to out (trails: 215)
2025-10-30 17:50:00,378 - ERROR - Email error: (535, b'5.7.139 Authentication unsuccessful, the user credentials were incorrect. [BYAPR01CA0068.prod.exchangelabs.com 2025-10-30T17:51:01.110Z 08DE16E79FE15695]')
2025-10-30 18:13:56,720 - INFO - Loaded geofence: piiratud_test
2025-10-30 18:13:56,721 - INFO - Database ready: /home/runner/work/keri-ais-monitor/keri-ais-monitor/ais_trails.db
2025-10-30 18:13:56,721 - INFO - --- Starting check ---
2025-10-30 18:13:56,721 - INFO - Fetching vessel metadata...
2025-10-30 18:13:57,798 - INFO - Loaded metadata for 17630 vessels
2025-10-30 18:13:57,800 - INFO - Fetching AIS data...
2025-10-30 18:13:58,473 - INFO - Found 194 vessels in Gulf of Finland
2025-10-30 18:13:58,485 - INFO - Saved positions, cleaned 208 old records
2025-10-30 18:13:58,487 - WARNING - BREACH: WRANGO (MMSI 276810000) in restricted area
2025-10-30 18:13:58,504 - INFO - Exported GeoJSON to out (trails: 214)
2025-10-30 18:14:06,031 - ERROR - Email error: (535, b'5.7.139 Authentication unsuccessful, the user credentials were incorrect. [CH0PR03CA0071.namprd03.prod.outlook.com 2025-10-30T18:13:52.134Z 08DE17A92E13A047]')
2025-10-30 18:45:17,675 - INFO - Loaded geofence: piiratud_test
2025-10-30 18:45:17,676 - INFO - Database ready: /home/runner/work/keri-ais-monitor/keri-ais-monitor/ais_trails.db
2025-10-30 18:45:17,676 - INFO - --- Starting check ---
2025-10-30 18:45:17,676 - INFO - Fetching vessel metadata...
2025-10-30 18:45:18,160 - INFO - Loaded metadata for 17630 vessels
2025-10-30 18:45:18,163 - INFO - Fetching AIS data...
2025-10-30 18:45:18,493 - INFO - Found 197 vessels in Gulf of Finland
2025-10-30 18:45:18,507 - INFO - Saved positions, cleaned 207 old records
2025-10-30 18:45:18,508 - WARNING - BREACH: WRANGO (MMSI 276810000) in restricted area
2025-10-30 18:45:18,527 - INFO - Exported GeoJSON to out (trails: 213)
2025-10-30 18:45:27,025 - ERROR - Email error: (535, b'5.7.139 Authentication unsuccessful, the user credentials were incorrect. [CY5PR18CA0034.namprd18.prod.outlook.com 2025-10-30T18:45:27.020Z 08DE16A805B18E4D]')
2025-10-30 18:58:14,226 - INFO - Loaded geofence: piiratud_test
2025-10-30 18:58:14,227 - INFO - Database ready: /home/runner/work/keri-ais-monitor/keri-ais-monitor/ais_trails.db
2025-10-30 18:58:14,227 - INFO - --- Starting check ---
2025-10-30 18:58:14,227 - INFO - Fetching vessel metadata...
2025-10-30 18:58:15,086 - INFO - Loaded metadata for 17630 vessels
2025-10-30 18:58:15,088 - INFO - Fetching AIS data...
2025-10-30 18:58:15,451 - INFO - Found 197 vessels in Gulf of Finland
2025-10-30 18:58:15,462 - INFO - Saved positions, cleaned 204 old records
2025-10-30 18:58:15,463 - WARNING - BREACH: WRANGO (MMSI 276810000) in restricted area
2025-10-30 18:58:15,481 - INFO - Exported GeoJSON to out (trails: 212)
2025-10-30 18:58:22,879 - ERROR - Email error: (535, b'5.7.139 Authentication unsuccessful, the user credentials were incorrect. [CH5PR03CA0001.namprd03.prod.outlook.com 2025-10-30T18:58:22.870Z 08DE16E3F2FAE79B]')
2025-10-30 19:21:37,796 - INFO - Loaded geofence: piiratud_test
2025-10-30 19:21:37,797 - INFO - Database ready: /home/runner/work/keri-ais-monitor/keri-ais-monitor/ais_trails.db
2025-10-30 19:21:37,797 - INFO - --- Starting check ---
2025-10-30 19:21:37,797 - INFO - Fetching vessel metadata...
2025-10-30 19:21:39,042 - INFO - Loaded metadata for 17630 vessels
2025-10-30 19:21:39,045 - INFO - Fetching AIS data...
2025-10-30 19:21:40,042 - INFO - Found 193 vessels in Gulf of Finland
2025-10-30 19:21:40,057 - INFO - Saved positions, cleaned 203 old records
2025-10-30 19:21:40,058 - WARNING - BREACH: WRANGO (MMSI 276810000) in restricted area
2025-10-30 19:21:40,077 - INFO - Exported GeoJSON to out (trails: 209)
2025-10-30 19:21:49,709 - ERROR - Email error: (535, b'5.7.139 Authentication unsuccessful, the user credentials were incorrect. [SJ0PR13CA0082.namprd13.prod.outlook.com 2025-10-30T19:21:39.715Z 08DE16C9DA6D928C]')
2025-10-30 19:34:33,961 - INFO - Loaded geofence: piiratud_test
2025-10-30 19:34:33,962 - INFO - Database ready: /home/runner/work/keri-ais-monitor/keri-ais-monitor/ais_trails.db
2025-10-30 19:34:33,962 - INFO - --- Starting check ---
2025-10-30 19:34:33,962 - INFO - Fetching vessel metadata...
2025-10-30 19:34:35,055 - INFO - Loaded metadata for 17630 vessels
2025-10-30 19:34:35,057 - INFO - Fetching AIS data...
2025-10-30 19:34:35,724 - INFO - Found 194 vessels in Gulf of Finland
2025-10-30 19:34:35,737 - WARNING - BREACH: WRANGO (MMSI 276810000) in restricted area
2025-10-30 19:34:35,756 - INFO - Exported GeoJSON to out (trails: 210)
2025-10-30 19:34:43,055 - ERROR - Email error: (535, b'5.7.139 Authentication unsuccessful, the user credentials were incorrect. [BN9PR03CA0983.namprd03.prod.outlook.com 2025-10-30T19:34:43.048Z 08DE162FED943E88]')
2025-10-30 19:46:13,075 - INFO - Loaded geofence: piiratud_test
2025-10-30 19:46:13,075 - INFO - Database ready: /home/runner/work/keri-ais-monitor/keri-ais-monitor/ais_trails.db
2025-10-30 19:46:13,075 - INFO - --- Starting check ---
2025-10-30 19:46:13,075 - INFO - Fetching vessel metadata...
2025-10-30 19:46:13,836 - INFO - Loaded metadata for 17630 vessels
2025-10-30 19:46:13,839 - INFO - Fetching AIS data...
2025-10-30 19:46:14,528 - INFO - Found 197 vessels in Gulf of Finland
2025-10-30 19:46:14,543 - INFO - Saved positions, cleaned 200 old records
2025-10-30 19:46:14,545 - WARNING - BREACH: FINBO CARGO (MMSI 230685000) in restricted area
2025-10-30 19:46:14,546 - WARNING - BREACH: WRANGO (MMSI 276810000) in restricted area
2025-10-30 19:46:14,563 - INFO - Exported GeoJSON to out (trails: 209)
2025-10-30 19:46:22,199 - ERROR - Email error: (535, b'5.7.139 Authentication unsuccessful, the user credentials were incorrect. [BL1PR13CA0183.namprd13.prod.outlook.com 2025-10-30T19:46:22.145Z 08DE17EC0A5DD343]')
2025-10-30 19:46:28,702 - ERROR - Email error: (535, b'5.7.139 Authentication unsuccessful, the user credentials were incorrect. [MN2PR16CA0058.namprd16.prod.outlook.com 2025-10-30T19:46:27.468Z 08DE16E8485A3D8B]')
2025-10-30 19:57:16,788 - INFO - Loaded geofence: piiratud_test
2025-10-30 19:57:16,789 - INFO - Database ready: /home/runner/work/keri-ais-monitor/keri-ais-monitor/ais_trails.db
2025-10-30 19:57:16,789 - INFO - --- Starting check ---
2025-10-30 19:57:16,789 - INFO - Fetching vessel metadata...
2025-10-30 19:57:18,278 - INFO - Loaded metadata for 17630 vessels
2025-10-30 19:57:18,282 - INFO - Fetching AIS data...
2025-10-30 19:57:19,105 - INFO - Found 197 vessels in Gulf of Finland
2025-10-30 19:57:19,117 - INFO - Saved positions, cleaned 199 old records
2025-10-30 19:57:19,118 - WARNING - BREACH: WRANGO (MMSI 276810000) in restricted area
2025-10-30 19:57:19,120 - WARNING - BREACH: FINBO CARGO (MMSI 230685000) in restricted area
2025-10-30 19:57:19,139 - INFO - Exported GeoJSON to out (trails: 208)
2025-10-30 19:57:26,923 - ERROR - Email error: (535, b'5.7.139 Authentication unsuccessful, the user credentials were incorrect. [CYZPR02CA0012.namprd02.prod.outlook.com 2025-10-30T19:57:26.923Z 08DE17B5CBCFD552]')
2025-10-30 19:57:35,429 - ERROR - Email error: (535, b'5.7.139 Authentication unsuccessful, the user credentials were incorrect. [CY8P220CA0045.NAMP220.PROD.OUTLOOK.COM 2025-10-30T19:57:31.910Z 08DE177CD9AFCEBC]')
